Sun Nov 1 11:00:01 PM CET 2020
Mon Nov 2 08:40:50 PM CET 2020
Mon Nov 2 08:40:53 PM CET 2020
Mon Nov 2 08:40:53 PM CET 2020
Mon Nov 2 08:40:54 PM CET 2020
Mon Nov 2 08:40:54 PM CET 2020
Mon Nov 2 08:45:59 PM CET 2020
Mon Nov 2 08:46:14 PM CET 2020
Mon Nov 2 08:46:39 PM CET 2020
Mon Nov 2 08:46:51 PM CET 2020
Mon Nov 2 08:46:56 PM CET 2020
Mon Nov 2 08:47:06 PM CET 2020
Fri Nov 6 08:14:50 AM CET 2020
Wed Nov 11 11:00:01 PM CET 2020
Sat Nov 21 11:00:02 PM CET 2020
Tue Dec 1 11:00:01 PM CET 2020
Fri Dec 11 11:00:01 PM CET 2020
Thu Dec 17 03:03:10 PM CET 2020
Thu Dec 17 03:03:16 PM CET 2020
Mon Dec 28 09:25:39 PM CET 2020
Mon Jan 4 12:28:18 PM CET 2021
Wed Jan 6 06:32:45 PM CET 2021
Wed Jan 6 06:33:49 PM CET 2021
Wed Jan 6 06:33:51 PM CET 2021
